Determining if the pthread_create exist failed with the following output:
Change Dir: /home/blayze/Software/Optix-6.0.0/NVIDIA-OptiX-SDK-6.0.0-linux64/SDK/build/CMakeFiles/CMakeTmp

Run Build Command(s):/usr/bin/make cmTC_f4e44/fast 
/usr/bin/make -f CMakeFiles/cmTC_f4e44.dir/build.make CMakeFiles/cmTC_f4e44.dir/build
make[1]: Entering directory '/home/blayze/Software/Optix-6.0.0/NVIDIA-OptiX-SDK-6.0.0-linux64/SDK/build/CMakeFiles/CMakeTmp'
Building C object CMakeFiles/cmTC_f4e44.dir/CheckSymbolExists.c.o
/usr/bin/cc   -fPIC    -o CMakeFiles/cmTC_f4e44.dir/CheckSymbolExists.c.o   -c /home/blayze/Software/Optix-6.0.0/NVIDIA-OptiX-SDK-6.0.0-linux64/SDK/build/CMakeFiles/CMakeTmp/CheckSymbolExists.c
Linking C executable cmTC_f4e44
/usr/bin/cmake -E cmake_link_script CMakeFiles/cmTC_f4e44.dir/link.txt --verbose=1
/usr/bin/cc -fPIC     -rdynamic CMakeFiles/cmTC_f4e44.dir/CheckSymbolExists.c.o  -o cmTC_f4e44 
/usr/bin/ld: CMakeFiles/cmTC_f4e44.dir/CheckSymbolExists.c.o: in function `main':
CheckSymbolExists.c:(.text+0x1b): undefined reference to `pthread_create'
collect2: error: ld returned 1 exit status
make[1]: *** [CMakeFiles/cmTC_f4e44.dir/build.make:87: cmTC_f4e44] Error 1
make[1]: Leaving directory '/home/blayze/Software/Optix-6.0.0/NVIDIA-OptiX-SDK-6.0.0-linux64/SDK/build/CMakeFiles/CMakeTmp'
make: *** [Makefile:121: cmTC_f4e44/fast] Error 2

File /home/blayze/Software/Optix-6.0.0/NVIDIA-OptiX-SDK-6.0.0-linux64/SDK/build/CMakeFiles/CMakeTmp/CheckSymbolExists.c:
/* */
#include <pthread.h>

int main(int argc, char** argv)
{
  (void)argv;
#ifndef pthread_create
  return ((int*)(&pthread_create))[argc];
#else
  (void)argc;
  return 0;
#endif
}

Determining if the function pthread_create exists in the pthreads failed with the following output:
Change Dir: /home/blayze/Software/Optix-6.0.0/NVIDIA-OptiX-SDK-6.0.0-linux64/SDK/build/CMakeFiles/CMakeTmp

Run Build Command(s):/usr/bin/make cmTC_cb917/fast 
/usr/bin/make -f CMakeFiles/cmTC_cb917.dir/build.make CMakeFiles/cmTC_cb917.dir/build
make[1]: Entering directory '/home/blayze/Software/Optix-6.0.0/NVIDIA-OptiX-SDK-6.0.0-linux64/SDK/build/CMakeFiles/CMakeTmp'
Building C object CMakeFiles/cmTC_cb917.dir/CheckFunctionExists.c.o
/usr/bin/cc   -fPIC -DCHECK_FUNCTION_EXISTS=pthread_create   -o CMakeFiles/cmTC_cb917.dir/CheckFunctionExists.c.o   -c /usr/share/cmake-3.14/Modules/CheckFunctionExists.c
Linking C executable cmTC_cb917
/usr/bin/cmake -E cmake_link_script CMakeFiles/cmTC_cb917.dir/link.txt --verbose=1
/usr/bin/cc -fPIC -DCHECK_FUNCTION_EXISTS=pthread_create    -rdynamic CMakeFiles/cmTC_cb917.dir/CheckFunctionExists.c.o  -o cmTC_cb917 -lpthreads 
/usr/bin/ld: cannot find -lpthreads
collect2: error: ld returned 1 exit status
make[1]: *** [CMakeFiles/cmTC_cb917.dir/build.make:87: cmTC_cb917] Error 1
make[1]: Leaving directory '/home/blayze/Software/Optix-6.0.0/NVIDIA-OptiX-SDK-6.0.0-linux64/SDK/build/CMakeFiles/CMakeTmp'
make: *** [Makefile:121: cmTC_cb917/fast] Error 2


